# JRE version: Java(TM) SE Runtime Environment (8.0_261-b12) (build 1.8.0_261-b12)
# Java VM: Java HotSpot(TM) 64-Bit Server VM (25.261-b12 mixed mode bsd-amd64 compressed oops)
Heap:
 PSYoungGen      total 347136K, used 108152K [0x000000076ab00000, 0x0000000781300000, 0x00000007c0000000)
  eden space 325632K, 28% used [0x000000076ab00000,0x00000007707061c8,0x000000077e900000)
  from space 21504K, 64% used [0x000000077fe00000,0x0000000780b97e48,0x0000000781300000)
  to   space 21504K, 0% used [0x000000077e900000,0x000000077e900000,0x000000077fe00000)
 ParOldGen       total 198144K, used 38400K [0x00000006c0000000, 0x00000006cc180000, 0x000000076ab00000)
  object space 198144K, 19% used [0x00000006c0000000,0x00000006c25800e8,0x00000006cc180000)
 Metaspace       used 47115K, capacity 48874K, committed 49024K, reserved 1091584K
  class space    used 5553K, capacity 5989K, committed 6016K, reserved 1048576K
GC Heap History (10 events):
Event: 20.891 GC heap before
{Heap before GC invocations=8 (full 1):
 PSYoungGen      total 207360K, used 138871K [0x000000076ab00000, 0x000000077cf80000, 0x00000007c0000000)
  eden space 190464K, 64% used [0x000000076ab00000,0x00000007722562a0,0x0000000776500000)
  from space 16896K, 98% used [0x000000077bf00000,0x000000077cf47be0,0x000000077cf80000)
  to   space 20992K, 0% used [0x000000077a680000,0x000000077a680000,0x000000077bb00000)
 ParOldGen       total 130048K, used 21805K [0x00000006c0000000, 0x00000006c7f00000, 0x000000076ab00000)
  object space 130048K, 16% used [0x00000006c0000000,0x00000006c154b478,0x00000006c7f00000)
 Metaspace       used 34242K, capacity 35276K, committed 35456K, reserved 1081344K
  class space    used 4111K, capacity 4442K, committed 4480K, reserved 1048576K
Event: 20.904 GC heap after
Heap after GC invocations=8 (full 1):
 PSYoungGen      total 278528K, used 19593K [0x000000076ab00000, 0x000000077d980000, 0x00000007c0000000)
  eden space 257536K, 0% used [0x000000076ab00000,0x000000076ab00000,0x000000077a680000)
  from space 20992K, 93% used [0x000000077a680000,0x000000077b9a26c8,0x000000077bb00000)
  to   space 22528K, 0% used [0x000000077c380000,0x000000077c380000,0x000000077d980000)
 ParOldGen       total 130048K, used 21813K [0x00000006c0000000, 0x00000006c7f00000, 0x000000076ab00000)
  object space 130048K, 16% used [0x00000006c0000000,0x00000006c154d478,0x00000006c7f00000)
 Metaspace       used 34242K, capacity 35276K, committed 35456K, reserved 1081344K
  class space    used 4111K, capacity 4442K, committed 4480K, reserved 1048576K
}
Event: 20.904 GC heap before
{Heap before GC invocations=9 (full 2):
 PSYoungGen      total 278528K, used 19593K [0x000000076ab00000, 0x000000077d980000, 0x00000007c0000000)
  eden space 257536K, 0% used [0x000000076ab00000,0x000000076ab00000,0x000000077a680000)
  from space 20992K, 93% used [0x000000077a680000,0x000000077b9a26c8,0x000000077bb00000)
  to   space 22528K, 0% used [0x000000077c380000,0x000000077c380000,0x000000077d980000)
 ParOldGen       total 130048K, used 21813K [0x00000006c0000000, 0x00000006c7f00000, 0x000000076ab00000)
  object space 130048K, 16% used [0x00000006c0000000,0x00000006c154d478,0x00000006c7f00000)
 Metaspace       used 34242K, capacity 35276K, committed 35456K, reserved 1081344K
  class space    used 4111K, capacity 4442K, committed 4480K, reserved 1048576K
Event: 20.997 GC heap after
Heap after GC invocations=9 (full 2):
 PSYoungGen      total 278528K, used 0K [0x000000076ab00000, 0x000000077d980000, 0x00000007c0000000)
  eden space 257536K, 0% used [0x000000076ab00000,0x000000076ab00000,0x000000077a680000)
  from space 20992K, 0% used [0x000000077a680000,0x000000077a680000,0x000000077bb00000)
  to   space 22528K, 0% used [0x000000077c380000,0x000000077c380000,0x000000077d980000)
 ParOldGen       total 198144K, used 38240K [0x00000006c0000000, 0x00000006cc180000, 0x000000076ab00000)
  object space 198144K, 19% used [0x00000006c0000000,0x00000006c25580c8,0x00000006cc180000)
 Metaspace       used 34242K, capacity 35276K, committed 35456K, reserved 1081344K
  class space    used 4111K, capacity 4442K, committed 4480K, reserved 1048576K
}
Event: 24.561 GC heap before
{Heap before GC invocations=10 (full 2):
 PSYoungGen      total 278528K, used 257536K [0x000000076ab00000, 0x000000077d980000, 0x00000007c0000000)
  eden space 257536K, 100% used [0x000000076ab00000,0x000000077a680000,0x000000077a680000)
  from space 20992K, 0% used [0x000000077a680000,0x000000077a680000,0x000000077bb00000)
  to   space 22528K, 0% used [0x000000077c380000,0x000000077c380000,0x000000077d980000)
 ParOldGen       total 198144K, used 38240K [0x00000006c0000000, 0x00000006cc180000, 0x000000076ab00000)
  object space 198144K, 19% used [0x00000006c0000000,0x00000006c25580c8,0x00000006cc180000)
 Metaspace       used 45432K, capacity 46950K, committed 47232K, reserved 1091584K
  class space    used 5486K, capacity 5913K, committed 6016K, reserved 1048576K
Event: 24.575 GC heap after
Heap after GC invocations=10 (full 2):
 PSYoungGen      total 287232K, used 17583K [0x000000076ab00000, 0x0000000784080000, 0x00000007c0000000)
  eden space 264704K, 0% used [0x000000076ab00000,0x000000076ab00000,0x000000077ad80000)
  from space 22528K, 78% used [0x000000077c380000,0x000000077d4abff8,0x000000077d980000)
  to   space 22528K, 0% used [0x000000077ad80000,0x000000077ad80000,0x000000077c380000)
 ParOldGen       total 198144K, used 38320K [0x00000006c0000000, 0x00000006cc180000, 0x000000076ab00000)
  object space 198144K, 19% used [0x00000006c0000000,0x00000006c256c0d8,0x00000006cc180000)
 Metaspace       used 45432K, capacity 46950K, committed 47232K, reserved 1091584K
  class space    used 5486K, capacity 5913K, committed 6016K, reserved 1048576K
}
Event: 33.708 GC heap before
{Heap before GC invocations=11 (full 2):
 PSYoungGen      total 287232K, used 282287K [0x000000076ab00000, 0x0000000784080000, 0x00000007c0000000)
  eden space 264704K, 100% used [0x000000076ab00000,0x000000077ad80000,0x000000077ad80000)
  from space 22528K, 78% used [0x000000077c380000,0x000000077d4abff8,0x000000077d980000)
  to   space 22528K, 0% used [0x000000077ad80000,0x000000077ad80000,0x000000077c380000)
 ParOldGen       total 198144K, used 38320K [0x00000006c0000000, 0x00000006cc180000, 0x000000076ab00000)
  object space 198144K, 19% used [0x00000006c0000000,0x00000006c256c0d8,0x00000006cc180000)
 Metaspace       used 46466K, capacity 48060K, committed 48256K, reserved 1091584K
  class space    used 5525K, capacity 5966K, committed 6016K, reserved 1048576K
Event: 33.720 GC heap after
Heap after GC invocations=11 (full 2):
 PSYoungGen      total 287232K, used 14659K [0x000000076ab00000, 0x0000000781380000, 0x00000007c0000000)
  eden space 264704K, 0% used [0x000000076ab00000,0x000000076ab00000,0x000000077ad80000)
  from space 22528K, 65% used [0x000000077ad80000,0x000000077bbd0d58,0x000000077c380000)
  to   space 22016K, 0% used [0x000000077fe00000,0x000000077fe00000,0x0000000781380000)
 ParOldGen       total 198144K, used 38392K [0x00000006c0000000, 0x00000006cc180000, 0x000000076ab00000)
  object space 198144K, 19% used [0x00000006c0000000,0x00000006c257e0e8,0x00000006cc180000)
 Metaspace       used 46466K, capacity 48060K, committed 48256K, reserved 1091584K
  class space    used 5525K, capacity 5966K, committed 6016K, reserved 1048576K
}
Event: 36.769 GC heap before
{Heap before GC invocations=12 (full 2):
 PSYoungGen      total 287232K, used 279363K [0x000000076ab00000, 0x0000000781380000, 0x00000007c0000000)
  eden space 264704K, 100% used [0x000000076ab00000,0x000000077ad80000,0x000000077ad80000)
  from space 22528K, 65% used [0x000000077ad80000,0x000000077bbd0d58,0x000000077c380000)
  to   space 22016K, 0% used [0x000000077fe00000,0x000000077fe00000,0x0000000781380000)
 ParOldGen       total 198144K, used 38392K [0x00000006c0000000, 0x00000006cc180000, 0x000000076ab00000)
  object space 198144K, 19% used [0x00000006c0000000,0x00000006c257e0e8,0x00000006cc180000)
 Metaspace       used 46864K, capacity 48542K, committed 48768K, reserved 1091584K
  class space    used 5542K, capacity 5987K, committed 6016K, reserved 1048576K
Event: 36.793 GC heap after
Heap after GC invocations=12 (full 2):
 PSYoungGen      total 347136K, used 13919K [0x000000076ab00000, 0x0000000781300000, 0x00000007c0000000)
  eden space 325632K, 0% used [0x000000076ab00000,0x000000076ab00000,0x000000077e900000)
  from space 21504K, 64% used [0x000000077fe00000,0x0000000780b97e48,0x0000000781300000)
  to   space 21504K, 0% used [0x000000077e900000,0x000000077e900000,0x000000077fe00000)
 ParOldGen       total 198144K, used 38400K [0x00000006c0000000, 0x00000006cc180000, 0x000000076ab00000)
  object space 198144K, 19% used [0x00000006c0000000,0x00000006c25800e8,0x00000006cc180000)
 Metaspace       used 46864K, capacity 48542K, committed 48768K, reserved 1091584K
  class space    used 5542K, capacity 5987K, committed 6016K, reserved 1048576K
}

