<?xml version="1.0" encoding="UTF-8"?>
<testsuite xmlns:xsi="http://www.w3.org/2001/XMLSchema-instance" xsi:noNamespaceSchemaLocation="https://maven.apache.org/surefire/maven-surefire-plugin/xsd/surefire-test-report.xsd" name="ejat_common.ejat_test.AppTest" time="0.11" tests="5" errors="0" skipped="0" failures="0">
  <properties>
[...]
</properties>
  <testcase name="test1" classname="ejat_common.ejat_test.AppTest" time="0.005"/>
  <testcase name="test2" classname="ejat_common.ejat_test.AppTest" time="0"/>
  <testcase name="test3" classname="ejat_common.ejat_test.AppTest" time="0.001"/>
  <testcase name="test4" classname="ejat_common.ejat_test.AppTest" time="0"/>
  <testcase name="test5" classname="ejat_common.ejat_test.AppTest" time="0.001"/>
</testsuite>