# JRE version: Java(TM) SE Runtime Environment (8.0_231-b11) (build 1.8.0_231-b11)
# Java VM: Java HotSpot(TM) 64-Bit Server VM (25.231-b11 mixed mode bsd-amd64 compressed oops)
Heap:
 PSYoungGen      total 589824K, used 58653K [0x000000076ab00000, 0x0000000795900000, 0x00000007c0000000)
  eden space 551424K, 9% used [0x000000076ab00000,0x000000076dcef4e8,0x000000078c580000)
  from space 38400K, 19% used [0x000000078c580000,0x000000078ccd80c8,0x000000078eb00000)
  to   space 39424K, 0% used [0x0000000793280000,0x0000000793280000,0x0000000795900000)
 ParOldGen       total 213504K, used 41998K [0x00000006c0000000, 0x00000006cd080000, 0x000000076ab00000)
  object space 213504K, 19% used [0x00000006c0000000,0x00000006c2903b38,0x00000006cd080000)
 Metaspace       used 45296K, capacity 47494K, committed 47784K, reserved 1091584K
  class space    used 5239K, capacity 5735K, committed 5800K, reserved 1048576K
GC Heap History (10 events):
Event: 11.297 GC heap before
{Heap before GC invocations=15 (full 2):
 PSYoungGen      total 400384K, used 390755K [0x000000076ab00000, 0x0000000785b00000, 0x00000007c0000000)
  eden space 367616K, 99% used [0x000000076ab00000,0x000000078118afe8,0x0000000781200000)
  from space 32768K, 72% used [0x0000000783280000,0x000000078498de48,0x0000000785280000)
  to   space 33280K, 0% used [0x0000000781200000,0x0000000781200000,0x0000000783280000)
 ParOldGen       total 213504K, used 41958K [0x00000006c0000000, 0x00000006cd080000, 0x000000076ab00000)
  object space 213504K, 19% used [0x00000006c0000000,0x00000006c28f9b38,0x00000006cd080000)
 Metaspace       used 44434K, capacity 46206K, committed 46376K, reserved 1089536K
  class space    used 5175K, capacity 5663K, committed 5672K, reserved 1048576K
Event: 11.315 GC heap after
Heap after GC invocations=15 (full 2):
 PSYoungGen      total 400896K, used 26337K [0x000000076ab00000, 0x000000078a980000, 0x00000007c0000000)
  eden space 367616K, 0% used [0x000000076ab00000,0x000000076ab00000,0x0000000781200000)
  from space 33280K, 79% used [0x0000000781200000,0x0000000782bb8468,0x0000000783280000)
  to   space 34816K, 0% used [0x0000000788780000,0x0000000788780000,0x000000078a980000)
 ParOldGen       total 213504K, used 41966K [0x00000006c0000000, 0x00000006cd080000, 0x000000076ab00000)
  object space 213504K, 19% used [0x00000006c0000000,0x00000006c28fbb38,0x00000006cd080000)
 Metaspace       used 44434K, capacity 46206K, committed 46376K, reserved 1089536K
  class space    used 5175K, capacity 5663K, committed 5672K, reserved 1048576K
}
Event: 11.773 GC heap before
{Heap before GC invocations=16 (full 2):
 PSYoungGen      total 400896K, used 393953K [0x000000076ab00000, 0x000000078a980000, 0x00000007c0000000)
  eden space 367616K, 100% used [0x000000076ab00000,0x0000000781200000,0x0000000781200000)
  from space 33280K, 79% used [0x0000000781200000,0x0000000782bb8468,0x0000000783280000)
  to   space 34816K, 0% used [0x0000000788780000,0x0000000788780000,0x000000078a980000)
 ParOldGen       total 213504K, used 41966K [0x00000006c0000000, 0x00000006cd080000, 0x000000076ab00000)
  object space 213504K, 19% used [0x00000006c0000000,0x00000006c28fbb38,0x00000006cd080000)
 Metaspace       used 44442K, capacity 46212K, committed 46376K, reserved 1089536K
  class space    used 5176K, capacity 5664K, committed 5672K, reserved 1048576K
Event: 11.784 GC heap after
Heap after GC invocations=16 (full 2):
 PSYoungGen      total 487424K, used 24644K [0x000000076ab00000, 0x000000078ae00000, 0x00000007c0000000)
  eden space 452608K, 0% used [0x000000076ab00000,0x000000076ab00000,0x0000000786500000)
  from space 34816K, 70% used [0x0000000788780000,0x0000000789f91060,0x000000078a980000)
  to   space 35328K, 0% used [0x0000000786500000,0x0000000786500000,0x0000000788780000)
 ParOldGen       total 213504K, used 41974K [0x00000006c0000000, 0x00000006cd080000, 0x000000076ab00000)
  object space 213504K, 19% used [0x00000006c0000000,0x00000006c28fdb38,0x00000006cd080000)
 Metaspace       used 44442K, capacity 46212K, committed 46376K, reserved 1089536K
  class space    used 5176K, capacity 5664K, committed 5672K, reserved 1048576K
}
Event: 13.830 GC heap before
{Heap before GC invocations=17 (full 2):
 PSYoungGen      total 487424K, used 477252K [0x000000076ab00000, 0x000000078ae00000, 0x00000007c0000000)
  eden space 452608K, 100% used [0x000000076ab00000,0x0000000786500000,0x0000000786500000)
  from space 34816K, 70% used [0x0000000788780000,0x0000000789f91060,0x000000078a980000)
  to   space 35328K, 0% used [0x0000000786500000,0x0000000786500000,0x0000000788780000)
 ParOldGen       total 213504K, used 41974K [0x00000006c0000000, 0x00000006cd080000, 0x000000076ab00000)
  object space 213504K, 19% used [0x00000006c0000000,0x00000006c28fdb38,0x00000006cd080000)
 Metaspace       used 44712K, capacity 46578K, committed 46760K, reserved 1089536K
  class space    used 5190K, capacity 5685K, committed 5800K, reserved 1048576K
Event: 13.848 GC heap after
Heap after GC invocations=17 (full 2):
 PSYoungGen      total 487936K, used 29908K [0x000000076ab00000, 0x0000000790f80000, 0x00000007c0000000)
  eden space 452608K, 0% used [0x000000076ab00000,0x000000076ab00000,0x0000000786500000)
  from space 35328K, 84% used [0x0000000786500000,0x0000000788235028,0x0000000788780000)
  to   space 37376K, 0% used [0x000000078eb00000,0x000000078eb00000,0x0000000790f80000)
 ParOldGen       total 213504K, used 41982K [0x00000006c0000000, 0x00000006cd080000, 0x000000076ab00000)
  object space 213504K, 19% used [0x00000006c0000000,0x00000006c28ffb38,0x00000006cd080000)
 Metaspace       used 44712K, capacity 46578K, committed 46760K, reserved 1089536K
  class space    used 5190K, capacity 5685K, committed 5800K, reserved 1048576K
}
Event: 14.899 GC heap before
{Heap before GC invocations=18 (full 2):
 PSYoungGen      total 487936K, used 482303K [0x000000076ab00000, 0x0000000790f80000, 0x00000007c0000000)
  eden space 452608K, 99% used [0x000000076ab00000,0x00000007864cacf0,0x0000000786500000)
  from space 35328K, 84% used [0x0000000786500000,0x0000000788235028,0x0000000788780000)
  to   space 37376K, 0% used [0x000000078eb00000,0x000000078eb00000,0x0000000790f80000)
 ParOldGen       total 213504K, used 41982K [0x00000006c0000000, 0x00000006cd080000, 0x000000076ab00000)
  object space 213504K, 19% used [0x00000006c0000000,0x00000006c28ffb38,0x00000006cd080000)
 Metaspace       used 44886K, capacity 46892K, committed 47016K, reserved 1091584K
  class space    used 5200K, capacity 5698K, committed 5800K, reserved 1048576K
Event: 14.918 GC heap after
Heap after GC invocations=18 (full 2):
 PSYoungGen      total 588800K, used 28754K [0x000000076ab00000, 0x0000000791200000, 0x00000007c0000000)
  eden space 551424K, 0% used [0x000000076ab00000,0x000000076ab00000,0x000000078c580000)
  from space 37376K, 76% used [0x000000078eb00000,0x0000000790714a68,0x0000000790f80000)
  to   space 38400K, 0% used [0x000000078c580000,0x000000078c580000,0x000000078eb00000)
 ParOldGen       total 213504K, used 41990K [0x00000006c0000000, 0x00000006cd080000, 0x000000076ab00000)
  object space 213504K, 19% used [0x00000006c0000000,0x00000006c2901b38,0x00000006cd080000)
 Metaspace       used 44886K, capacity 46892K, committed 47016K, reserved 1091584K
  class space    used 5200K, capacity 5698K, committed 5800K, reserved 1048576K
}
Event: 16.569 GC heap before
{Heap before GC invocations=19 (full 2):
 PSYoungGen      total 588800K, used 580178K [0x000000076ab00000, 0x0000000791200000, 0x00000007c0000000)
  eden space 551424K, 100% used [0x000000076ab00000,0x000000078c580000,0x000000078c580000)
  from space 37376K, 76% used [0x000000078eb00000,0x0000000790714a68,0x0000000790f80000)
  to   space 38400K, 0% used [0x000000078c580000,0x000000078c580000,0x000000078eb00000)
 ParOldGen       total 213504K, used 41990K [0x00000006c0000000, 0x00000006cd080000, 0x000000076ab00000)
  object space 213504K, 19% used [0x00000006c0000000,0x00000006c2901b38,0x00000006cd080000)
 Metaspace       used 44954K, capacity 46892K, committed 47016K, reserved 1091584K
  class space    used 5200K, capacity 5698K, committed 5800K, reserved 1048576K
Event: 16.578 GC heap after
Heap after GC invocations=19 (full 2):
 PSYoungGen      total 589824K, used 7520K [0x000000076ab00000, 0x0000000795900000, 0x00000007c0000000)
  eden space 551424K, 0% used [0x000000076ab00000,0x000000076ab00000,0x000000078c580000)
  from space 38400K, 19% used [0x000000078c580000,0x000000078ccd80c8,0x000000078eb00000)
  to   space 39424K, 0% used [0x0000000793280000,0x0000000793280000,0x0000000795900000)
 ParOldGen       total 213504K, used 41998K [0x00000006c0000000, 0x00000006cd080000, 0x000000076ab00000)
  object space 213504K, 19% used [0x00000006c0000000,0x00000006c2903b38,0x00000006cd080000)
 Metaspace       used 44954K, capacity 46892K, committed 47016K, reserved 1091584K
  class space    used 5200K, capacity 5698K, committed 5800K, reserved 1048576K
}

